C51 COMPILER V9.60.0.0   MAIN                                                              05/29/2022 19:28:45 PAGE 1   


C51 COMPILER V9.60.0.0, COMPILATION OF MODULE MAIN
OBJECT MODULE PLACED IN main.OBJ
COMPILER INVOKED BY: D:\BaiduNetdiskDownload\C51\BIN\C51.EXE main.c OPTIMIZE(8,SPEED) BROWSE DEBUG OBJECTEXTEND TABS(2)

line level    source

   1          
   2          
   3          #include "reg52.h"       //此文件中定义了单片机的一些特殊功能寄存器
   4          #include "SoundPlay.h"
   5          #include"music.h"
   6          sbit k1=P3^1;
   7          sbit k2=P3^0;
   8          sbit k3=P3^2;
   9          sbit ea=P1^0;
  10          typedef unsigned int u16;   //对数据类型进行声明定义
  11          typedef unsigned char u8;
  12          
  13          
  14          void Delay1ms(unsigned int count)
  15          {
  16   1        unsigned int i,j;
  17   1        for(i=0;i<count;i++)
  18   1        for(j=0;j<120;j++);
  19   1      }
  20          
  21          void main()
  22          {
  23   1        
  24   1        unsigned int i;
  25   1        InitialSound();
  26   1        ea=0;
  27   1        
  28   1        while(1)
  29   1        {
  30   2           if (k1==0){Delay1ms(50);if(k1==0) i=1;}
  31   2        
  32   2        if (k2==0){Delay1ms(50);if(k2==0) i=2;}
  33   2        
  34   2        if (k3==0){Delay1ms(50);if(k3==0) i=3;}
  35   2      
  36   2          switch(i)
  37   2          {
  38   3          case 1: Play(Music_Girl,0,3,500); break;
  39   3          
  40   3        
  41   3          case 2:Play(Music_Same,0,3,360);   break;
  42   3        
  43   3          case 3://Play(Music_Two,0,3,360);
  44   3                  Play(Music_PC,0,3,360);
  45   3          }
  46   2        }
  47   1      }


MODULE INFORMATION:   STATIC OVERLAYABLE
   CODE SIZE        =   1142    ----
   CONSTANT SIZE    =   2301    ----
   XDATA SIZE       =   ----    ----
   PDATA SIZE       =   ----    ----
   DATA SIZE        =      6      53
C51 COMPILER V9.60.0.0   MAIN                                                              05/29/2022 19:28:45 PAGE 2   

   IDATA SIZE       =   ----    ----
   BIT SIZE         =   ----    ----
END OF MODULE INFORMATION.


C51 COMPILATION COMPLETE.  0 WARNING(S),  0 ERROR(S)
